TCCGGAAG
CCGGAAGT
CGGAAGTC
GGAAGTCA
GAAGTCAC
AAGTCACA
AGTCACAG
GTCACAGT
TCACAGTT
CACAGTTT
ACAGTTTC
CAGTTTCA
AGTTTCAA
GTTTCAAT
TTTCAATC
TTCAATCC
TCAATCCC
CAATCCCA
AATCCCAC
ATCCCACT
TCCCACTG
CCCACTGA
CCACTGAT
CACTGATC
ACTGATCG
CTGATCGA
TGATCGAT
GATCGATG
ATCGATGC
TCGATGCT
CGATGCTC
GATGCTCT
ATGCTCTC
TGCTCTCT
GCTCTCTA
CTCTCTAC
TCTCTACA
CTCTACAC
TCTACACC
CTACACCA
TACACCAT
ACACCATG
CACCATGC
ACCATGCC
CCATGCCC
CATGCCCA
ATGCCCAA
TGCCCAAA
GCCCAAAG
CCCAAAGA
CCAAAGAA
CAAAGAAG
AAAGAAGT
AAGAAGTG
AGAAGTGG
GAAGTGGC
AAGTGGCA
AGTGGCAC
GTGGCACC
TGGCACCC
GGCACCCA
GCACCCAA
CACCCAAC
ACCCAACG
CCCAACGC
CCAACGCT
CAACGCTC
AACGCTCC
ACGCTCCG
CGCTCCGT
GCTCCGTA
CTCCGTAC
TCCGTACC
CCGTACCT
CGTACCTG
GTACCTGC
TACCTGCC
ACCTGCCC
CCTGCCCT
CTGCCCTC
TGCCCTCA
GCCCTCAT
CCCTCATG
CCTCATGA
CTCATGAT
TCATGATC
CATGATCG
ATGATCGA
TGATCGAG
GATCGAGA
ATCGAGAC
TCGAGACG
CGAGACGA
GAGACGAC
AGACGACC
GACGACCT
ACGACCTA
CGACCTAC
GACCTACG
ACCTACGC
CCTACGCC
CTACGCCG
TACGCCGA
ACGCCGAC
CGCCGACT
GCCGACTC
CCGACTCT
CGACTCTT
GACTCTTG
ACTCTTGG
CTCTTGGT
TCTTGGTA
CTTGGTAA
TTGGTAAA
TGGTAAAC
GGTAAACG
GTAAACGA
TAAACGAT
AAACGATA
AACGATAC
ACGATACG
CGATACGG
GATACGGG
ATACGGGG
TACGGGGC
ACGGGGCG
CGGGGCGA
GGGGCGAT
GGGCGATC
GGCGATCT
GCGATCTA
CGATCTAT
GATCTATC
ATCTATCG
TCTATCGT
CTATCGTG
TATCGTGC
ATCGTGCA
TCGTGCAG
CGTGCAGA
GTGCAGAT
TGCAGATT
GCAGATTG
CAGATTGA
AGATTGAG
GATTGAGT
ATTGAGTT
TTGAGTTG
TGAGTTGT
GAGTTGTC
AGTTGTCA
GTTGTCAC
TTGTCACG
TGTCACGT
GTCACGTG
TCACGTGC
CACGTGCG
ACGTGCGG
CGTGCGGG
GTGCGGGA
TGCGGGAA
GCGGGAAG
CGGGAAGG
GGGAAGGG
GGAAGGGG
GAAGGGGT
AAGGGGTG
AGGGGTGA
GGGGTGAG
GGGTGAGG
GGTGAGGT
GTGAGGTT
TGAGGTTT
GAGGTTTC
AGGTTTCC
GGTTTCCA
GTTTCCAT
TTTCCATT
TTCCATTC
TCCATTCA
CCATTCAC
CATTCACT
ATTCACTA
TTCACTAA
TCACTAAA
CACTAAAT
ACTAAATT
CTAAATTC
TAAATTCG
AAATTCGG
AATTCGGT
ATTCGGTT
TTCGGTTA
TCGGTTAA
CGGTTAAT
GGTTAATG
GTTAATGA
TTAATGAA
TAATGAAT
AATGAATT
ATGAATTC
TGAATTCC
GAATTCCC
AATTCCCC
ATTCCCCT
TTCCCCTC
TCCCCTCG
CCCCTCGG
CCCTCGGT
CCTCGGTA
CTCGGTAC
TCGGTACC
CGGTACCC
GGTACCCT
GTACCCTA
TACCCTAT
ACCCTATA
CCCTATAT
CCTATATT
CTATATTG
TATATTGT
ATATTGTA
TATTGTAC
ATTGTACA
TTGTACAA
TGTACAAG
GTACAAGA
TACAAGAT
ACAAGATC
CAAGATCT
AAGATCTT
AGATCTTC
GATCTTCC
ATCTTCCA
TCTTCCAT
CTTCCATT
TTCCATTG
TCCATTGT
CCATTGTG
CATTGTGA
ATTGTGAA
TTGTGAAC
TGTGAACT
GTGAACTA
TGAACTAG
GAACTAGA
AACTAGAC
ACTAGACT
CTAGACTC
TAGACTCT
AGACTCTT
GACTCTTT
ACTCTTTG
CTCTTTGT
TCTTTGTT
CTTTGTTC
TTTGTTCA
TTGTTCAC
TGTTCACT
GTTCACTG
TTCACTGA
TCACTGAC
CACTGACC
ACTGACCC
CTGACCCC
TGACCCCA
GACCCCAA
ACCCCAAA
CCCCAAAC
CCCAAACA
CCAAACAA
CAAACAAG
AAACAAGG
AACAAGGA
ACAAGGAA
CAAGGAAG
AAGGAAGC
AGGAAGCA
GGAAGCAC
GAAGCACA
AAGCACAC
AGCACACG
GCACACGT
CACACGTC
ACACGTCC
CACGTCCC
ACGTCCCT
CGTCCCTT
GTCCCTTT
TCCCTTTC
CCCTTTCG
CCTTTCGC
CTTTCGCA
TTTCGCAC
TTCGCACA
TCGCACAG
CGCACAGG
GCACAGGA
CACAGGAA
ACAGGAAG
CAGGAAGC
AGGAAGCA
GGAAGCAG
GAAGCAGT
AAGCAGTC
AGCAGTCC
GCAGTCCA
CAGTCCAG
AGTCCAGG
GTCCAGGC
TCCAGGCT
CCAGGCTG
CAGGCTGG
AGGCTGGT
GGCTGGTC
GCTGGTCC
CTGGTCCT
TGGTCCTA
GGTCCTAG
GTCCTAGC
TCCTAGCC
CCTAGCCT
CTAGCCTA
TAGCCTAC
AGCCTACC
GCCTACCC
CCTACCCA
CTACCCAG
TACCCAGA
ACCCAGAG
CCCAGAGA
CCAGAGAT
CAGAGATT
AGAGATTA
GAGATTAG
AGATTAGT
GATTAGTG
ATTAGTGT
TTAGTGTG
TAGTGTGA
AGTGTGAG
GTGTGAGT
TGTGAGTC
GTGAGTCC
TGAGTCCG
GAGTCCGC
AGTCCGCA
GTCCGCAG
TCCGCAGG
CCGCAGGC
CGCAGGCC
GCAGGCCC
CAGGCCCT
AGGCCCTT
GGCCCTTG
GCCCTTGC
CCCTTGCT
CCTTGCTT
CTTGCTTT
TTGCTTTT
TGCTTTTC
GCTTTTCT
CTTTTCTT
TTTTCTTC
TTTCTTCT
TTCTTCTA
TCTTCTAC
CTTCTACG
TTCTACGT
TCTACGTG
CTACGTGG
TACGTGGA
ACGTGGAA
CGTGGAAC
GTGGAACT
TGGAACTC
GGAACTCA
GAACTCAG
AACTCAGT
ACTCAGTA
CTCAGTAT
TCAGTATA
CAGTATAA
AGTATAAC
GTATAACG
TATAACGT
ATAACGTA
TAACGTAG
AACGTAGG
ACGTAGGA
CGTAGGAT
GTAGGATA
TAGGATAG
AGGATAGC
GGATAGCG
GATAGCGC
ATAGCGCT
TAGCGCTG
AGCGCTGT
GCGCTGTT
CGCTGTTG
GCTGTTGA
CTGTTGAT
TGTTGATG
GTTGATGT
TTGATGTC
TGATGTCG
GATGTCGG
ATGTCGGT
TGTCGGTG
GTCGGTGC
TCGGTGCA
CGGTGCAA
GGTGCAAA
GTGCAAAG
TGCAAAGA
GCAAAGAT
CAAAGATA
AAAGATAA
AAGATAAG
AGATAAGT
GATAAGTA
ATAAGTAT
TAAGTATT
AAGTATTC
AGTATTCC
GTATTCCA
TATTCCAG
ATTCCAGG
TTCCAGGC
TCCAGGCC
CCAGGCCA
CAGGCCAC
AGGCCACA
GGCCACAT
GCCACATA
CCACATAC
CACATACA
ACATACAG
CATACAGA
ATACAGAT
TACAGATC
ACAGATCT
CAGATCTG
AGATCTGG
GATCTGGG
ATCTGGGC
TCTGGGCC
CTGGGCCC
TGGGCCCA
GGGCCCAG
GGCCCAGT
GCCCAGTA
CCCAGTAT
CCAGTATC
CAGTATCG
AGTATCGA
GTATCGAT
TATCGATT
ATCGATTT
TCGATTTT
CGATTTTG
GATTTTGC
ATTTTGCC
TTTTGCCC
TTTGCCCA
TTGCCCAG
TGCCCAGT
GCCCAGTG
CCCAGTGC
CCAGTGCC
CAGTGCCA
AGTGCCAT
GTGCCATT
TGCCATTG
GCCATTGC
CCATTGCC
CATTGCCC
ATTGCCCC
TTGCCCCG
TGCCCCGA
GCCCCGAA
CCCCGAAA
CCCGAAAG
CCGAAAGA
CGAAAGAA
GAAAGAAA
AAAGAAAA
AAGAAAAT
AGAAAATA
GAAAATAT
AAAATATG
AAATATGC
AATATGCT
ATATGCTA
TATGCTAT
ATGCTATT
TGCTATTA
GCTATTAT
CTATTATC
TATTATCC
ATTATCCA
TTATCCAA
TATCCAAG
ATCCAAGC
TCCAAGCT
CCAAGCTG
CAAGCTGT
AAGCTGTT
AGCTGTTG
GCTGTTGC
CTGTTGCT
TGTTGCTT
GTTGCTTT
TTGCTTTT
TGCTTTTG
GCTTTTGA
CTTTTGAG
TTTTGAGT
TTTGAGTA
TTGAGTAC
TGAGTACC
GAGTACCC
AGTACCCT
GTACCCTA
TACCCTAA
ACCCTAAA
CCCTAAAC
CCTAAACT
CTAAACTG
TAAACTGA
AAACTGAC
AACTGACC
ACTGACCC
CTGACCCA
TGACCCAT
GACCCATC
ACCCATCC
CCCATCCT
CCATCCTA
CATCCTAA
ATCCTAAC
TCCTAACA
CCTAACAT
CTAACATC
TAACATCA
AACATCAG
ACATCAGA
CATCAGAG
ATCAGAGT
TCAGAGTA
CAGAGTAA
AGAGTAAT
GAGTAATG
AGTAATGG
GTAATGGT
TAATGGTA
AATGGTAG
ATGGTAGG
TGGTAGGG
GGTAGGGC
GTAGGGCT
TAGGGCTC
AGGGCTCG
GGGCTCGG
GGCTCGGC
GCTCGGCG
CTCGGCGA
TCGGCGAC
CGGCGACG
GGCGACGT
GCGACGTA
CGACGTAG
GACGTAGA
ACGTAGAA
CGTAGAAT
GTAGAATT
TAGAATTA
AGAATTAC
GAATTACT
AATTACTA
ATTACTAA
TTACTAAA
TACTAAAC
ACTAAACT
CTAAACTC
TAAACTCG
AAACTCGT
AACTCGTA
ACTCGTAG
CTCGTAGT
TCGTAGTC
CGTAGTCT
GTAGTCTT
TAGTCTTT
AGTCTTTC
GTCTTTCT
TCTTTCTC
CTTTCTCA
TTTCTCAT
TTCTCATC
TCTCATCC
CTCATCCC
TCATCCCG
CATCCCGC
ATCCCGCA
TCCCGCAC
CCCGCACG
CCGCACGC
CGCACGCG
GCACGCGG
CACGCGGT
ACGCGGTG
CGCGGTGA
GCGGTGAC
CGGTGACT
GGTGACTA
GTGACTAT
TGACTATA
GACTATAT
ACTATATT
CTATATTT
TATATTTT
ATATTTTA
TATTTTAA
ATTTTAAC
TTTTAACA
TTTAACAG
TTAACAGT
TAACAGTT
AACAGTTT
ACAGTTTC
CAGTTTCA
AGTTTCAC
GTTTCACC
TTTCACCT
TTCACCTT
TCACCTTT
CACCTTTG
ACCTTTGG
CCTTTGGT
CTTTGGTA
TTTGGTAT
TTGGTATT
TGGTATTC
GGTATTCT
GTATTCTT
TATTCTTA
ATTCTTAC
TTCTTACC
TCTTACCG
CTTACCGG
TTACCGGG
TACCGGGT
ACCGGGTA
CCGGGTAA
CGGGTAAC
GGGTAACG
GGTAACGC
GTAACGCC
TAACGCCA
AACGCCAC
ACGCCACC
CGCCACCT
GCCACCTG
CCACCTGT
CACCTGTC
ACCTGTCA
CCTGTCAA
CTGTCAAG
TGTCAAGC
GTCAAGCT
TCAAGCTA
CAAGCTAT
AAGCTATC
AGCTATCC
GCTATCCA
CTATCCAG
TATCCAGC
ATCCAGCC
TCCAGCCA
CCAGCCAT
CAGCCATG
AGCCATGG
GCCATGGT
CCATGGTC
CATGGTCA
ATGGTCAC
TGGTCACT
GGTCACTA
GTCACTAA
TCACTAAT
CACTAATG
ACTAATGA
CTAATGAA
TAATGAAG
AATGAAGT
ATGAAGTT
TGAAGTTG
GAAGTTGT
AAGTTGTG
AGTTGTGT
GTTGTGTC
TTGTGTCT
TGTGTCTA
GTGTCTAG
TGTCTAGT
GTCTAGTG
TCTAGTGG
CTAGTGGT
TAGTGGTC
AGTGGTCC
GTGGTCCT
TGGTCCTT
GGTCCTTT
GTCCTTTA
TCCTTTAA
CCTTTAAT
CTTTAATT
TTTAATTT
TTAATTTG
TAATTTGA
AATTTGAT
ATTTGATC
TTTGATCC
TTGATCCA
TGATCCAC
GATCCACG
ATCCACGT
TCCACGTA
CCACGTAC
CACGTACT
ACGTACTG
CGTACTGT
GTACTGTA
TACTGTAG
ACTGTAGT
CTGTAGTG
TGTAGTGG
GTAGTGGA
TAGTGGAG
AGTGGAGA
GTGGAGAC
TGGAGACC
GGAGACCT
GAGACCTT
AGACCTTA
GACCTTAC
ACCTTACG
CCTTACGC
CTTACGCC
TTACGCCC
TACGCCCG
ACGCCCGA
CGCCCGAA
GCCCGAAG
CCCGAAGT
CCGAAGTT
CGAAGTTC
GAAGTTCG
AAGTTCGG
AGTTCGGT
GTTCGGTG
TTCGGTGC
TCGGTGCC
CGGTGCCA
GGTGCCAA
GTGCCAAT
TGCCAATA
GCCAATAT
CCAATATA
CAATATAG
AATATAGA
ATATAGAA
TATAGAAG
ATAGAAGA
TAGAAGAG
AGAAGAGG
GAAGAGGC
AAGAGGCT
AGAGGCTC
GAGGCTCT
AGGCTCTC
GGCTCTCC
GCTCTCCC
CTCTCCCC
TCTCCCCG
CTCCCCGA
TCCCCGAC
CCCCGACC
CCCGACCC
CCGACCCC
CGACCCCA
GACCCCAT
ACCCCATC
CCCCATCT
CCCATCTG
CCATCTGA
CATCTGAC
ATCTGACG
TCTGACGG
CTGACGGT
TGACGGTT
GACGGTTC
ACGGTTCG
CGGTTCGT
GGTTCGTT
GTTCGTTA
TTCGTTAG
TCGTTAGT
CGTTAGTG
GTTAGTGA
TTAGTGAA
TAGTGAAA
AGTGAAAG
GTGAAAGA
TGAAAGAA
GAAAGAAG
AAAGAAGA
AAGAAGAC
AGAAGACT
GAAGACTA
AAGACTAT
AGACTATC
GACTATCG
ACTATCGA
CTATCGAT
TATCGATA
ATCGATAT
TCGATATC
CGATATCT
GATATCTC
ATATCTCC
TATCTCCT
ATCTCCTT
TCTCCTTA
CTCCTTAA
TCCTTAAT
CCTTAATG
CTTAATGG
TTAATGGA
TAATGGAC
AATGGACG
ATGGACGG
TGGACGGG
GGACGGGA
GACGGGAA
ACGGGAAC
CGGGAACT
GGGAACTA
GGAACTAA
GAACTAAA
AACTAAAT
ACTAAATG
CTAAATGT
TAAATGTT
AAATGTTC
AATGTTCA
ATGTTCAC
TGTTCACA
GTTCACAA
TTCACAAA
TCACAAAG
CACAAAGC
ACAAAGCT
CAAAGCTG
AAAGCTGG
AAGCTGGC
AGCTGGCG
GCTGGCGC
CTGGCGCG
TGGCGCGC
GGCGCGCG
GCGCGCGG
CGCGCGGT
GCGCGGTT
CGCGGTTT
GCGGTTTC
CGGTTTCG
GGTTTCGT
GTTTCGTC
TTTCGTCT
TTCGTCTG
TCGTCTGT
CGTCTGTT
GTCTGTTT
TCTGTTTG
CTGTTTGC
TGTTTGCT
GTTTGCTG
TTTGCTGA
TTGCTGAC
TGCTGACC
GCTGACCG
CTGACCGA
TGACCGAG
GACCGAGT
ACCGAGTA
CCGAGTAT
CGAGTATA
GAGTATAT
AGTATATG
GTATATGA
TATATGAG
ATATGAGT
TATGAGTC
ATGAGTCG
TGAGTCGT
GAGTCGTG
AGTCGTGC
GTCGTGCC
TCGTGCCG
CGTGCCGA
GTGCCGAG
TGCCGAGA
GCCGAGAG
CCGAGAGT
CGAGAGTA
GAGAGTAT
AGAGTATG
GAGTATGT
AGTATGTA
GTATGTAT
TATGTATA
ATGTATAA
TGTATAAA
GTATAAAA
TATAAAAG
ATAAAAGG
TAAAAGGT
AAAAGGTA
AAAGGTAT
AAGGTATG
AGGTATGT
GGTATGTT
GTATGTTA
TATGTTAT
ATGTTATG
TGTTATGA
GTTATGAC
TTATGACA
TATGACAA
ATGACAAT
TGACAATT
GACAATTT
ACAATTTT
CAATTTTA
AATTTTAC
ATTTTACT
TTTTACTC
TTTACTCT
TTACTCTA
TACTCTAA
ACTCTAAA
CTCTAAAG
TCTAAAGT
CTAAAGTG
TAAAGTGA
AAAGTGAC
AAGTGACT
AGTGACTG
GTGACTGT
TGACTGTA
GACTGTAT
ACTGTATC
CTGTATCG
TGTATCGT
GTATCGTG
TATCGTGC
ATCGTGCT
TCGTGCTC
CGTGCTCC
GTGCTCCT
TGCTCCTA
GCTCCTAG
CTCCTAGT
TCCTAGTT
CCTAGTTA
CTAGTTAA
TAGTTAAG
AGTTAAGG
GTTAAGGT
TTAAGGTC
TAAGGTCC
AAGGTCCG
AGGTCCGG
GGTCCGGT
GTCCGGTA
TCCGGTAT
CCGGTATA
CGGTATAC
GGTATACT
GTATACTG
TATACTGC
ATACTGCC
TACTGCCA
ACTGCCAG
CTGCCAGA
TGCCAGAT
GCCAGATG
CCAGATGA
CAGATGAG
AGATGAGG
GATGAGGA
ATGAGGAT
TGAGGATC
GAGGATCT
AGGATCTA
GGATCTAA
GATCTAAT
ATCTAATC
TCTAATCC
CTAATCCG
TAATCCGC
AATCCGCA
ATCCGCAG
